<?xml version="1.0" encoding="UTF-8"?>
<testsuite name="org.example.comparators.EstudanteTest" tests="1" skipped="0" failures="0" errors="0" timestamp="2023-01-15T23:51:26" hostname="RANIERY" time="0.015">
  <properties/>
  <testcase name="testEstudante()" classname="org.example.comparators.EstudanteTest" time="0.015"/>
  <system-out><![CDATA[]]></system-out>
  <system-err><![CDATA[]]></system-err>
</testsuite>
