<?xml version="1.0" encoding="UTF-8"?>
<testsuite name="org.example.PessoaTest" tests="1" skipped="0" failures="0" errors="0" timestamp="2022-11-03T16:02:36" hostname="DESKTOP-M46964L" time="0.035">
  <properties/>
  <testcase name="validarCalculoDeIdade()" classname="org.example.PessoaTest" time="0.035"/>
  <system-out><![CDATA[]]></system-out>
  <system-err><![CDATA[]]></system-err>
</testsuite>
